[94m
########################################
## scitex v1.11.0
## 2025Y-06M-08D-13h05m40s_GrFq (PID: 272806)
########################################
[0m
[93m
========================================
./examples/gpac/example__PAC.py
Namespace(n_perm=50, batch_size=2)
========================================
[0m
[0m
----------------------------------------
=== Demo Static PAC ===
----------------------------------------
[0m
✅ PAC compiled with default mode
[93m
Saved to: /home/ywatanabe/proj/gPAC/examples/gpac/example__PAC_out/01_static_pac_analysis.csv (108.1 KiB)[0m
[93m
Saved to: /home/ywatanabe/proj/gPAC/examples/gpac/example__PAC_out/01_static_pac_analysis_for_sigmaplot.csv (140.0 KiB)[0m
[93m
Saved to: /home/ywatanabe/proj/gPAC/examples/gpac/example__PAC_out/01_static_pac_analysis.gif (374.0 KiB)[0m
Input shape: torch.Size([2, 8, 4, 1024])
PAC shape: torch.Size([2, 8, 50, 50])
Mean PAC: 0.0083
Max PAC: 0.0635
Significant pairs (|z| > 2): 10409/40000
Ground truth couplings for sample 0:
  8.0 Hz -> 80.0 Hz (strength: 0.400)
  12.0 Hz -> 120.0 Hz (strength: 0.300)
  6.0 Hz -> 60.0 Hz (strength: 0.500)
[0m
----------------------------------------
=== Demo Trainable PAC Classification ===
----------------------------------------
[0m
Fold 1/5
✅ PAC compiled with default mode
Fold 2/5
✅ PAC compiled with default mode
Fold 3/5
✅ PAC compiled with default mode
Fold 4/5
✅ PAC compiled with default mode
Fold 5/5
✅ PAC compiled with default mode
[93m
Saved to: /home/ywatanabe/proj/gPAC/examples/gpac/example__PAC_out/02_trainable_pac_classification.csv (30.9 KiB)[0m
[93m
Saved to: /home/ywatanabe/proj/gPAC/examples/gpac/example__PAC_out/02_trainable_pac_classification_for_sigmaplot.csv (32.7 KiB)[0m
[93m
Saved to: /home/ywatanabe/proj/gPAC/examples/gpac/example__PAC_out/02_trainable_pac_classification.gif (390.9 KiB)[0m
5-fold CV Results:
  Mean test accuracy: 0.533 ± 0.163
  Mean train accuracy: 1.000 ± 0.000
[0m
----------------------------------------
=== Demo PAC Comparison ===
----------------------------------------
[0m
✅ PAC compiled with default mode
✅ PAC compiled with default mode
