[94m
########################################
## mngs v1.11.0
## 2025Y-06M-08D-14h33m25s_xCLV (PID: 98339)
########################################
[0m
[93m
========================================
./examples/gpac/example__PAC.py
Namespace(n_perm=50, batch_size=2)
========================================
[0m
[0m
----------------------------------------
=== Demo Static PAC ===
----------------------------------------
[0m
✅ PAC compiled with default mode
[93m
Saved to: /home/ywatanabe/proj/gPAC/examples/gpac/example__PAC_out/01_static_pac_analysis.csv (109.5 KiB)[0m
[93m
Saved to: /home/ywatanabe/proj/gPAC/examples/gpac/example__PAC_out/01_static_pac_analysis_for_sigmaplot.csv (141.4 KiB)[0m
[93m
Saved to: /home/ywatanabe/proj/gPAC/examples/gpac/example__PAC_out/01_static_pac_analysis.gif (371.8 KiB)[0m
Input shape: torch.Size([2, 8, 4, 5120])
PAC shape: torch.Size([2, 8, 50, 50])
Mean PAC: 0.0024
Max PAC: 0.0305
Significant pairs (|z| > 2): 2710/40000
Ground truth couplings for sample 0:
  8.0 Hz -> 80.0 Hz (strength: 0.400)
  12.0 Hz -> 120.0 Hz (strength: 0.300)
  6.0 Hz -> 60.0 Hz (strength: 0.500)
[0m
----------------------------------------
=== Demo Trainable PAC Classification ===
----------------------------------------
[0m
Fold 1/5
✅ PAC compiled with default mode
