Traceback (most recent call last):
  File "/home/ywatanabe/proj/gPAC/examples/gpac/example__PAC.py", line 878, in <module>
    run_main()
  File "/home/ywatanabe/proj/gPAC/examples/gpac/example__PAC.py", line 866, in run_main
    exit_status = main(args)
  File "/home/ywatanabe/proj/gPAC/examples/gpac/example__PAC.py", line 816, in main
    demo_trainable_pac(args)
  File "/home/ywatanabe/proj/gPAC/examples/gpac/example__PAC.py", line 296, in demo_trainable_pac
    skf = StratifiedKFold(n_splits=5, shuffle=True, random_state=42)
  File "/home/ywatanabe/proj/gPAC/examples/gpac/example__PAC.py", line 296, in demo_trainable_pac
    skf = StratifiedKFold(n_splits=5, shuffle=True, random_state=42)
  File "/apps/easybuild-2022/easybuild/software/Compiler/GCCcore/11.3.0/Python/3.10.4/lib/python3.10/bdb.py", line 90, in trace_dispatch
    return self.dispatch_line(frame)
  File "/apps/easybuild-2022/easybuild/software/Compiler/GCCcore/11.3.0/Python/3.10.4/lib/python3.10/bdb.py", line 115, in dispatch_line
    if self.quitting: raise BdbQuit
bdb.BdbQuit

If you suspect this is an IPython 8.37.0 bug, please report it at:
    https://github.com/ipython/ipython/issues
or send an email to the mailing list at ipython-dev@python.org

You can print a more detailed traceback right now with "%tb", or use "%debug"
to interactively debug it.

Extra-detailed tracebacks for bug-reporting purposes can be enabled via:
    %config Application.verbose_crash=True

