
########################################
## scitex v1.11.0
## 2025Y-06M-08D-13h21m48s_Lj0D (PID: 295077)
########################################


========================================
./examples/gpac/example__PAC.py
Namespace(n_perm=50, batch_size=2)
========================================


----------------------------------------
=== Demo Static PAC ===
----------------------------------------

✅ PAC compiled with default mode

Saved to: /home/ywatanabe/proj/gPAC/examples/gpac/example__PAC_out/01_static_pac_analysis.csv (109.5 KiB)

Saved to: /home/ywatanabe/proj/gPAC/examples/gpac/example__PAC_out/01_static_pac_analysis_for_sigmaplot.csv (141.4 KiB)

Saved to: /home/ywatanabe/proj/gPAC/examples/gpac/example__PAC_out/01_static_pac_analysis.gif (371.8 KiB)
Input shape: torch.Size([2, 8, 4, 5120])
PAC shape: torch.Size([2, 8, 50, 50])
Mean PAC: 0.0024
Max PAC: 0.0305
Significant pairs (|z| > 2): 2710/40000
Ground truth couplings for sample 0:
  8.0 Hz -> 80.0 Hz (strength: 0.400)
  12.0 Hz -> 120.0 Hz (strength: 0.300)
  6.0 Hz -> 60.0 Hz (strength: 0.500)

----------------------------------------
=== Demo Trainable PAC Classification ===
----------------------------------------

Fold 1/5
✅ PAC compiled with default mode
Fold 1 - Learned frequencies:
  Phase: ['2.0', '2.1', '2.3', '3.4', '3.6', '4.8', '5.1', '5.5', '5.8', '6.1', '6.9', '7.8', '8.2', '9.3', '11.1', '12.5', '14.0', '15.8', '16.8', '17.8']
  Amplitude: ['31.9', '35.0', '36.1', '39.6', '42.1', '43.5', '44.8', '47.7', '52.3', '55.6', '59.2', '66.9', '69.0', '71.2', '73.4', '75.7', '78.1', '85.7', '91.2', '94.0']
Fold 2/5
✅ PAC compiled with default mode
Fold 2 - Learned frequencies:
  Phase: ['2.7', '3.0', '3.6', '3.8', '4.1', '4.8', '5.1', '5.5', '6.9', '7.3', '7.8', '8.2', '8.8', '9.8', '10.4', '11.8', '12.5', '14.0', '15.8', '18.9']
  Amplitude: ['30.0', '30.9', '35.0', '36.1', '37.2', '38.4', '39.6', '46.2', '47.7', '49.2', '50.7', '57.4', '59.2', '69.0', '73.4', '83.1', '88.4', '94.0', '97.0', '100.0']
Fold 3/5
✅ PAC compiled with default mode
Fold 3 - Learned frequencies:
  Phase: ['2.1', '2.5', '2.9', '3.0', '3.2', '5.1', '5.5', '5.8', '6.1', '6.9', '7.8', '8.2', '8.8', '9.3', '10.4', '11.1', '12.5', '15.8', '16.8', '20.0']
  Amplitude: ['30.0', '30.9', '32.9', '33.9', '35.0', '36.1', '37.2', '38.4', '42.1', '43.5', '46.2', '47.7', '49.2', '50.7', '59.2', '62.9', '66.9', '71.2', '80.6', '100.0']
Fold 4/5
✅ PAC compiled with default mode
Fold 4 - Learned frequencies:
  Phase: ['2.0', '2.1', '2.3', '2.7', '3.2', '3.4', '3.8', '4.1', '4.3', '4.8', '5.8', '7.3', '7.8', '8.8', '9.3', '10.4', '14.9', '15.8', '18.9', '20.0']
  Amplitude: ['30.9', '32.9', '35.0', '40.9', '42.1', '44.8', '46.2', '52.3', '53.9', '57.4', '59.2', '61.0', '64.9', '69.0', '71.2', '75.7', '78.1', '80.6', '94.0', '97.0']
Fold 5/5
✅ PAC compiled with default mode
Fold 5 - Learned frequencies:
  Phase: ['2.1', '3.0', '3.2', '3.4', '3.8', '4.1', '4.8', '5.1', '5.5', '5.8', '6.5', '6.9', '8.8', '10.4', '14.0', '14.9', '15.8', '16.8', '17.8', '18.9']
  Amplitude: ['30.9', '31.9', '33.9', '36.1', '37.2', '39.6', '40.9', '43.5', '49.2', '53.9', '57.4', '59.2', '64.9', '66.9', '69.0', '78.1', '80.6', '85.7', '88.4', '100.0']

Saved to: /home/ywatanabe/proj/gPAC/examples/gpac/example__PAC_out/02_trainable_pac_classification.csv (58.3 KiB)

Saved to: /home/ywatanabe/proj/gPAC/examples/gpac/example__PAC_out/02_trainable_pac_classification_for_sigmaplot.csv (60.1 KiB)

Saved to: /home/ywatanabe/proj/gPAC/examples/gpac/example__PAC_out/02_trainable_pac_classification.gif (520.2 KiB)
5-fold CV Results:
  Mean test accuracy: 0.267 ± 0.249
  Mean train accuracy: 1.000 ± 0.000

----------------------------------------
=== Demo PAC Comparison ===
----------------------------------------

✅ PAC compiled with default mode
✅ PAC compiled with default mode
Trainable PAC selected frequencies:
  Phase bands: ['2.0', '2.1', '2.2', '2.3', '2.8']...
  Amp bands: ['30.0', '30.8', '32.6', '34.4', '35.4']...

Saved to: /home/ywatanabe/proj/gPAC/examples/gpac/example__PAC_out/03_pac_comparison.csv (159.2 KiB)

Saved to: /home/ywatanabe/proj/gPAC/examples/gpac/example__PAC_out/03_pac_comparison_for_sigmaplot.csv (191.1 KiB)

Saved to: /home/ywatanabe/proj/gPAC/examples/gpac/example__PAC_out/03_pac_comparison.gif (394.7 KiB)
=== Comparison Results ===
Ground truth PAC: 8Hz->80Hz, 12Hz->120Hz
Static PAC:
  - Computation time: 198.25 ms
  - Mean PAC: 0.0023
  - Max PAC: 0.0370
Trainable PAC:
  - Computation time: 292.58 ms
  - Mean PAC: 0.0023
  - Max PAC: 0.0363
Performance ratio: 1.48x
