[94m
########################################
## mngs v1.11.0
## 2025Y-06M-08D-15h59m20s_qXos (PID: 218218)
########################################
[0m
[93m
========================================
./examples/gpac/example__PAC.py
Namespace(n_perm=50)
========================================
[0m
[93m
----------------------------------------
=== Demo Trainable PAC Classification ===
----------------------------------------
[0m
Fold 1/5
✅ PAC compiled with default mode
Fold 2/5
✅ PAC compiled with default mode
