[94m
########################################
## mngs v1.11.0
## 2025Y-06M-08D-15h51m05s_JSni (PID: 206755)
########################################
[0m
[93m
========================================
./examples/gpac/example__PAC.py
Namespace(n_perm=50, batch_size=2)
========================================
[0m
[93m
----------------------------------------
=== Demo Trainable PAC Classification ===
----------------------------------------
[0m
Fold 1/5
✅ PAC compiled with default mode
[?12l[?25h
Loading /home/ywatanabe/.pystartup ... (PID: 206755)

----------------------------------------

Random seeds of the following packages have been fixed as 42
os random np torch 

----------------------------------------

> [0;32m/home/ywatanabe/proj/gPAC/examples/gpac/example__PAC.py[0m(336)[0;36mextract_features[0;34m()[0m
[0;32m    335 [0;31m            pac_q90 = (
[0m[0;32m--> 336 [0;31m                [0mtorch[0m[0;34m.[0m[0mquantile[0m[0;34m([0m[0mpac_tensor[0m[0;34m,[0m [0;36m0.90[0m[0;34m,[0m [0mdim[0m[0;34m=[0m[0;34m-[0m[0;36m1[0m[0;34m)[0m[0;34m[0m[0;34m[0m[0m
[0m[0;32m    337 [0;31m                [0;34m.[0m[0mmedian[0m[0;34m([0m[0mdim[0m[0;34m=[0m[0;34m-[0m[0;36m1[0m[0;34m)[0m[0;34m[[0m[0;36m0[0m[0;34m][0m[0;34m[0m[0;34m[0m[0m
[0m
[6n[?2004h[?1l[?25l[0m[?7l[0m[J[0;32mipdb> [6D[6C[?7h[0m[?12l[?25h[?25l[?7l[6D[0;32mipdb> [0m














[0m [15A[6C[?7h[0m[?12l[?25h[?25l[?7l[0mp[?7h[0m[?12l[?25h[?25l[?7l[0ma[?7h[0m[?12l[?25h[?25l[?7l[0mc[?7h[0m[?12l[?25h[?25l[?7l[0m_[?7h[0m[?12l[?25h[?25l[?7l[0mt[?7h[0m[?12l[?25h[?25l[?7l[0me[?7h[0m[?12l[?25h[?25l[?7l[0mn[?7h[0m[?12l[?25h[?25l[?7l[0ms[?7h[0m[?12l[?25h[?25l[?7l[0mo[?7h[0m[?12l[?25h[?25l[?7l[0mr[?7h[0m[?12l[?25h[?25l[?7l[0m.[?7h[0m[?12l[?25h[?25l[?7l[0ms[?7h[0m[?12l[?25h[?25l[?7l[0mh[?7h[0m[?12l[?25h[?25l[?7l[0ma[?7h[0m[?12l[?25h[?25l[?7l[0mp[?7h[0m[?12l[?25h[?25l[?7l[0me[?7h[0m[?12l[?25h[?25l[?7l[22D[0m[J[0;32mipdb> [0mpac_tensor.shape[22D[0m
[J[?7h[0m[?12l[?25h[?2004ltorch.Size([2, 19, 10, 10])
[6n[?2004h[?25l[0m[?7l[0m[J[0;32mipdb> [6D[6C[?7h[0m[?12l[?25h[?25l[?7l[6D[0;32mipdb> [0m












[0m [13A[6C[?7h[0m[?12l[?25h[6D[J[0m[?7h[?2004l[2J[0;0H[6n[?2004h[?25l[0m[?7l[0m[J[0;32mipdb> [6D[6C[?7h[0m[?12l[?25h[?25l[?7l[6D[0;32mipdb> [0m


























































[0m [59A[6C[?7h[0m[?12l[?25h[?25l[?7l[0mX[?7h[0m[?12l[?25h[?25l[?7l[0m.[?7h[0m[?12l[?25h[?25l[?7l[0ms[?7h[0m[?12l[?25h[?25l[?7l[0mh[?7h[0m[?12l[?25h[?25l[?7l[0ma[?7h[0m[?12l[?25h[?25l[?7l[0mp[?7h[0m[?12l[?25h[?25l[?7l[0me[?7h[0m[?12l[?25h[?25l[?7l[13D[0m[J[0;32mipdb> [0mX.shape[13D[0m
[J[?7h[0m[?12l[?25h[?2004l*** NameError: name 'X' is not defined
[6n[?2004h[?25l[0m[?7l[0m[J[0;32mipdb> [6D[6C[?7h[0m[?12l[?25h[?25l[?7l[6D[0;32mipdb> [0m
























































[0m [57A[6C[?7h[0m[?12l[?25h[?25l[?7l[6D[0m[J[0;38;5;102mipdb>                                                                                                               [116C [0m
[J[?7h[0m[?12l[?25h[?2004l
