
########################################
## mngs v1.11.0
## 2025Y-06M-08D-16h05m24s_ic97 (PID: 228343)
########################################


========================================
./examples/gpac/example__PAC.py
Namespace(n_perm=50)
========================================


----------------------------------------
=== Demo Static PAC ===
----------------------------------------

✅ PAC compiled with default mode

Saved to: /home/ywatanabe/proj/gPAC/examples/gpac/example__PAC_out/01_static_pac_analysis.csv (109.5 KiB)

Saved to: /home/ywatanabe/proj/gPAC/examples/gpac/example__PAC_out/01_static_pac_analysis_for_sigmaplot.csv (141.4 KiB)

Saved to: /home/ywatanabe/proj/gPAC/examples/gpac/example__PAC_out/01_static_pac_analysis.gif (371.8 KiB)
Input shape: torch.Size([2, 8, 4, 5120])
PAC shape: torch.Size([2, 8, 50, 50])
Mean PAC: 0.0024
Max PAC: 0.0305
Significant pairs (|z| > 2): 2710/40000
Ground truth couplings for sample 0:
  8.0 Hz -> 80.0 Hz (strength: 0.400)
  12.0 Hz -> 120.0 Hz (strength: 0.300)
  6.0 Hz -> 60.0 Hz (strength: 0.500)

----------------------------------------
=== Demo Trainable PAC Classification ===
----------------------------------------

Fold 1/5
✅ PAC compiled with default mode
Fold 2/5
✅ PAC compiled with default mode
Fold 3/5
✅ PAC compiled with default mode
Fold 4/5
✅ PAC compiled with default mode
Fold 5/5
✅ PAC compiled with default mode

Saved to: /home/ywatanabe/proj/gPAC/examples/gpac/example__PAC_out/02_trainable_pac_classification.csv (7.2 KiB)

Saved to: /home/ywatanabe/proj/gPAC/examples/gpac/example__PAC_out/02_trainable_pac_classification_for_sigmaplot.csv (7.8 KiB)

Saved to: /home/ywatanabe/proj/gPAC/examples/gpac/example__PAC_out/02_trainable_pac_classification.gif (254.1 KiB)
5-fold CV Results:
  Mean test accuracy: 0.999 ± 0.002
Ground truth frequencies:
  Class 0: 6.0Hz -> 50.0Hz
  Class 1: 10.0Hz -> 75.0Hz
  Class 2: 14.0Hz -> 100.0Hz

----------------------------------------
=== Demo PAC Comparison ===
----------------------------------------

✅ PAC compiled with default mode
✅ PAC compiled with default mode
Trainable PAC selected frequencies:
  Phase bands: ['2.0', '2.1', '2.2', '2.4', '2.5']...
  Amp bands: ['30.0', '30.8', '33.5', '35.4', '36.4']...

Saved to: /home/ywatanabe/proj/gPAC/examples/gpac/example__PAC_out/03_pac_comparison.csv (159.0 KiB)

Saved to: /home/ywatanabe/proj/gPAC/examples/gpac/example__PAC_out/03_pac_comparison_for_sigmaplot.csv (191.0 KiB)

Saved to: /home/ywatanabe/proj/gPAC/examples/gpac/example__PAC_out/03_pac_comparison.gif (392.5 KiB)
=== Comparison Results ===
Ground truth PAC: 8Hz->80Hz, 12Hz->120Hz
Static PAC:
  - Computation time: 93.69 ms
  - Mean PAC: 0.0023
  - Max PAC: 0.0370
Trainable PAC:
  - Computation time: 89.45 ms
  - Mean PAC: 0.0027
  - Max PAC: 0.0363
Performance ratio: 0.95x
