[94m
########################################
## mngs v1.11.0
## 2025Y-06M-08D-14h02m07s_Lf1J (PID: 53269)
########################################
[0m
[93m
========================================
./examples/gpac/example__PAC.py
Namespace(n_perm=50, batch_size=2)
========================================
[0m
[0m
----------------------------------------
=== Demo Static PAC ===
----------------------------------------
[0m
✅ PAC compiled with default mode
[93m
Saved to: /home/ywatanabe/proj/gPAC/examples/gpac/example__PAC_out/01_static_pac_analysis.csv (109.5 KiB)[0m
[93m
Saved to: /home/ywatanabe/proj/gPAC/examples/gpac/example__PAC_out/01_static_pac_analysis_for_sigmaplot.csv (141.4 KiB)[0m
[93m
Saved to: /home/ywatanabe/proj/gPAC/examples/gpac/example__PAC_out/01_static_pac_analysis.gif (371.8 KiB)[0m
Input shape: torch.Size([2, 8, 4, 5120])
PAC shape: torch.Size([2, 8, 50, 50])
Mean PAC: 0.0024
Max PAC: 0.0305
Significant pairs (|z| > 2): 2710/40000
Ground truth couplings for sample 0:
  8.0 Hz -> 80.0 Hz (strength: 0.400)
  12.0 Hz -> 120.0 Hz (strength: 0.300)
  6.0 Hz -> 60.0 Hz (strength: 0.500)
[0m
----------------------------------------
=== Demo Trainable PAC Classification ===
----------------------------------------
[0m
Fold 1/5
✅ PAC compiled with default mode
Fold 2/5
✅ PAC compiled with default mode
Fold 3/5
✅ PAC compiled with default mode
Fold 4/5
✅ PAC compiled with default mode
Fold 5/5
✅ PAC compiled with default mode
[93m
Saved to: /home/ywatanabe/proj/gPAC/examples/gpac/example__PAC_out/02_trainable_pac_classification.csv (11.4 KiB)[0m
[93m
Saved to: /home/ywatanabe/proj/gPAC/examples/gpac/example__PAC_out/02_trainable_pac_classification_for_sigmaplot.csv (12.0 KiB)[0m
[93m
Saved to: /home/ywatanabe/proj/gPAC/examples/gpac/example__PAC_out/02_trainable_pac_classification.gif (470.3 KiB)[0m
5-fold CV Results:
  Mean test accuracy: 0.467 ± 0.163
Ground truth frequencies:
  Class 0: 6.0Hz -> 50.0Hz
  Class 1: 10.0Hz -> 75.0Hz
  Class 2: 14.0Hz -> 100.0Hz
[0m
----------------------------------------
=== Demo PAC Comparison ===
----------------------------------------
[0m
✅ PAC compiled with default mode
✅ PAC compiled with default mode
