[94m
########################################
## mngs v1.11.0
## 2025Y-06M-08D-14h52m55s_R5BX (PID: 124923)
########################################
[0m
[93m
========================================
./examples/gpac/example__PAC.py
Namespace(n_perm=50, batch_size=2)
========================================
[0m
[0m
----------------------------------------
=== Demo Static PAC ===
----------------------------------------
[0m
✅ PAC compiled with default mode
[93m
Saved to: /home/ywatanabe/proj/gPAC/examples/gpac/example__PAC_out/01_static_pac_analysis.csv (109.5 KiB)[0m
[93m
Saved to: /home/ywatanabe/proj/gPAC/examples/gpac/example__PAC_out/01_static_pac_analysis_for_sigmaplot.csv (141.4 KiB)[0m
[93m
Saved to: /home/ywatanabe/proj/gPAC/examples/gpac/example__PAC_out/01_static_pac_analysis.gif (371.8 KiB)[0m
Input shape: torch.Size([2, 8, 4, 5120])
PAC shape: torch.Size([2, 8, 50, 50])
Mean PAC: 0.0024
Max PAC: 0.0305
Significant pairs (|z| > 2): 2710/40000
Ground truth couplings for sample 0:
  8.0 Hz -> 80.0 Hz (strength: 0.400)
  12.0 Hz -> 120.0 Hz (strength: 0.300)
  6.0 Hz -> 60.0 Hz (strength: 0.500)
[0m
----------------------------------------
=== Demo Trainable PAC Classification ===
----------------------------------------
[0m
Fold 1/5
✅ PAC compiled with default mode
[?12l[?25h
Loading /home/ywatanabe/.pystartup ... (PID: 124923)

----------------------------------------

Random seeds of the following packages have been fixed as 42
os random np torch 

----------------------------------------

> [0;32m/home/ywatanabe/proj/gPAC/examples/gpac/example__PAC.py[0m(398)[0;36mdemo_trainable_pac[0;34m()[0m
[0;32m    397 [0;31m            [0m__import__[0m[0;34m([0m[0;34m"ipdb"[0m[0;34m)[0m[0;34m.[0m[0mset_trace[0m[0;34m([0m[0;34m)[0m[0;34m[0m[0;34m[0m[0m
[0m[0;32m--> 398 [0;31m            [0mpac_result[0m [0;34m=[0m [0mpac_trainable[0m[0;34m([0m[0mX_train[0m[0;34m)[0m[0;34m[0m[0;34m[0m[0m
[0m[0;32m    399 [0;31m            [0mpac_tensor[0m [0;34m=[0m [0mpac_result[0m[0;34m[[0m[0;34m"pac"[0m[0;34m][0m[0;34m[0m[0;34m[0m[0m
[0m
[6n[?2004h[?1l[?25l[0m[?7l[0m[J[0;32mipdb> [6D[6C[?7h[0m[?12l[?25h[?25l[?7l[?7h[0m[?12l[?25h[?25l[?7l[0mX[?7h[0m[?12l[?25h[?25l[?7l[0m_[?7h[0m[?12l[?25h[?25l[?7l[0mt[?7h[0m[?12l[?25h[?25l[?7l[0mr[?7h[0m[?12l[?25h[?25l[?7l[0ma[?7h[0m[?12l[?25h[?25l[?7l[0mi[?7h[0m[?12l[?25h[?25l[?7l[0mn[?7h[0m[?12l[?25h[?25l[?7l[0m.[?7h[0m[?12l[?25h[?25l[?7l[0ms[?7h[0m[?12l[?25h[?25l[?7l[0mh[?7h[0m[?12l[?25h[?25l[?7l[0ma[?7h[0m[?12l[?25h[?25l[?7l[0mp[?7h[0m[?12l[?25h[?25l[?7l[0me[?7h[0m[?12l[?25h[?25l[?7l[19D[0m[J[0;32mipdb> [0mX_train.shape[19D[0m
[J[?7h[0m[?12l[?25h[?2004ltorch.Size([818, 2, 2048])
[6n[?2004h[?25l[0m[?7l[0m[J[0;32mipdb> [6D[6C[?7h[0m[?12l[?25h[?25l[?7l[?7h[0m[?12l[?25h[?25l[?7l[6D[0m[J[0;38;5;102mipdb>                                                                                                               [116C [0m
[J[?7h[0m[?12l[?25h[?2004l
