
########################################
## mngs v1.11.0
## 2025Y-06M-09D-00h44m35s_OgLV (PID: 38442)
########################################


========================================
./examples/gpac/example__Hilbert.py
Namespace(sample_rate=1000.0, duration=2.0)
========================================


----------------------------------------
=== Demo Hilbert Transform Analysis ===
----------------------------------------


Saved to: /home/ywatanabe/proj/gPAC/examples/gpac/core/example__Hilbert_out/01_hilbert_analysis.csv (170.1 KiB)

Saved to: /home/ywatanabe/proj/gPAC/examples/gpac/core/example__Hilbert_out/01_hilbert_analysis_for_sigmaplot.csv (213.3 KiB)

Saved to: /home/ywatanabe/proj/gPAC/examples/gpac/core/example__Hilbert_out/01_hilbert_analysis.gif (460.7 KiB)
Signal shape: torch.Size([2000])
Phase shape: torch.Size([2000])
Amplitude shape: torch.Size([2000])
Gradient exists: True
Gradient norm: 0.030358
Real part matches original: True
Amplitude is positive: True

----------------------------------------
=== Demo Batch Processing & Performance ===
----------------------------------------

Batch input shape: torch.Size([10, 1000])
Batch output shape: torch.Size([10, 1000, 2])

Saved to: /home/ywatanabe/proj/gPAC/examples/gpac/core/example__Hilbert_out/02_hilbert_performance.csv (183.0 B)

Saved to: /home/ywatanabe/proj/gPAC/examples/gpac/core/example__Hilbert_out/02_hilbert_performance_for_sigmaplot.csv (799.0 B)

Saved to: /home/ywatanabe/proj/gPAC/examples/gpac/core/example__Hilbert_out/02_hilbert_performance.gif (119.2 KiB)

Performance Summary:
Average processing time (10k samples): 0.59 ms
Throughput: 16845474 samples/second
