
########################################
## scitex v1.11.0
## 2025Y-06M-08D-09h42m12s_7M8o (PID: 272723)
########################################


========================================
./examples/gpac/example__Hilbert.py
Namespace(sample_rate=1000.0, duration=2.0)
========================================


----------------------------------------
=== Demo Hilbert Transform Analysis ===
----------------------------------------


Saved to: /home/ywatanabe/proj/gPAC/examples/gpac/example__Hilbert_out/01_hilbert_analysis.csv (170.1 KiB)

Saved to: /home/ywatanabe/proj/gPAC/examples/gpac/example__Hilbert_out/01_hilbert_analysis_for_sigmaplot.csv (213.3 KiB)

Saved to: /home/ywatanabe/proj/gPAC/examples/gpac/example__Hilbert_out/01_hilbert_analysis.gif (474.2 KiB)
Signal shape: torch.Size([2000])
Phase shape: torch.Size([2000])
Amplitude shape: torch.Size([2000])
Gradient exists: True
Gradient norm: 0.030388
Real part matches original: True
Amplitude is positive: True

----------------------------------------
=== Demo Batch Processing & Performance ===
----------------------------------------

Batch input shape: torch.Size([10, 1000])
Batch output shape: torch.Size([10, 1000, 2])

Saved to: /home/ywatanabe/proj/gPAC/examples/gpac/example__Hilbert_out/02_hilbert_performance.csv (184.0 B)

Saved to: /home/ywatanabe/proj/gPAC/examples/gpac/example__Hilbert_out/02_hilbert_performance_for_sigmaplot.csv (800.0 B)

Saved to: /home/ywatanabe/proj/gPAC/examples/gpac/example__Hilbert_out/02_hilbert_performance.gif (115.4 KiB)

Performance Summary:
Average processing time (10k samples): 0.59 ms
Throughput: 16957234 samples/second
